c:\users\roman\desktop\inputopengl - копия\inputopengl\debug\inputopengl.pch
c:\users\roman\desktop\inputopengl - копия\inputopengl\debug\vc140.pdb
c:\users\roman\desktop\inputopengl - копия\inputopengl\debug\vc140.idb
c:\users\roman\desktop\inputopengl - копия\inputopengl\debug\stdafx.obj
c:\users\roman\desktop\inputopengl - копия\inputopengl\debug\inputopengl.obj
c:\users\roman\desktop\inputopengl - копия\inputopengl\debug\movebalans.obj
c:\users\roman\desktop\inputopengl - копия\debug\inputopengl.ilk
c:\users\roman\desktop\inputopengl - копия\debug\inputopengl.exe
c:\users\roman\desktop\inputopengl - копия\debug\inputopengl.pdb
c:\users\roman\desktop\inputopengl - копия\inputopengl\debug\inputopengl.res
c:\users\roman\desktop\inputopengl - копия\inputopengl\debug\movebalans.obj.enc
c:\users\roman\desktop\inputopengl - копия\inputopengl\debug\inputopengl.tlog\cl.command.1.tlog
c:\users\roman\desktop\inputopengl - копия\inputopengl\debug\inputopengl.tlog\cl.read.1.tlog
c:\users\roman\desktop\inputopengl - копия\inputopengl\debug\inputopengl.tlog\cl.write.1.tlog
c:\users\roman\desktop\inputopengl - копия\inputopengl\debug\inputopengl.tlog\link.command.1.tlog
c:\users\roman\desktop\inputopengl - копия\inputopengl\debug\inputopengl.tlog\link.read.1.tlog
c:\users\roman\desktop\inputopengl - копия\inputopengl\debug\inputopengl.tlog\link.write.1.tlog
c:\users\roman\desktop\inputopengl - копия\inputopengl\debug\inputopengl.tlog\rc.command.1.tlog
c:\users\roman\desktop\inputopengl - копия\inputopengl\debug\inputopengl.tlog\rc.read.1.tlog
c:\users\roman\desktop\inputopengl - копия\inputopengl\debug\inputopengl.tlog\rc.write.1.tlog
